<?xml version="1.0" encoding="UTF-8" ?>
<testsuite failures="0" time="0.009" errors="0" skipped="0" tests="11" name="com.ensco.junitintro.sampleJunitTest">
  <properties>
[...]
</properties>
  <testcase time="0" classname="com.ensco.junitintro.sampleJunitTest" name="testAddUser1"/>
  <testcase time="0" classname="com.ensco.junitintro.sampleJunitTest" name="testAddUser2"/>
  <testcase time="0" classname="com.ensco.junitintro.sampleJunitTest" name="testAddUser3"/>
  <testcase time="0.002" classname="com.ensco.junitintro.sampleJunitTest" name="testAddUser4"/>
  <testcase time="0" classname="com.ensco.junitintro.sampleJunitTest" name="testAddUser5"/>
  <testcase time="0" classname="com.ensco.junitintro.sampleJunitTest" name="testAddUser6"/>
  <testcase time="0.001" classname="com.ensco.junitintro.sampleJunitTest" name="testAddUser7"/>
  <testcase time="0" classname="com.ensco.junitintro.sampleJunitTest" name="testAddUser8"/>
  <testcase time="0" classname="com.ensco.junitintro.sampleJunitTest" name="testAddUser9"/>
  <testcase time="0.003" classname="com.ensco.junitintro.sampleJunitTest" name="testAddUser10"/>
  <testcase time="0" classname="com.ensco.junitintro.sampleJunitTest" name="testgetUser1"/>
</testsuite>